number,value,datetime_start,datetime_complete,duration,params_batch_size,params_dropout_prob,params_hidden_dim,params_lr,params_num_layers,state
0,0.01887369655197909,2026-06-03 19:35:02.028059,2026-06-03 19:41:24.153947,0 days 00:06:22.125888,16,0.4763615639054031,50,0.001,1,COMPLETE
1,0.02080505792474171,2026-06-03 19:41:24.156947,2026-06-03 19:47:40.033581,0 days 00:06:15.876634,32,0.4191975050104688,20,0.0005,2,COMPLETE
2,0.017657196787068574,2026-06-03 19:47:40.033581,2026-06-03 19:54:18.382893,0 days 00:06:38.349312,16,0.35315275780066624,35,0.001,1,COMPLETE
3,0.018820136069406232,2026-06-03 19:54:18.388689,2026-06-03 19:58:10.791893,0 days 00:03:52.403204,32,0.4743760713316967,20,0.001,1,COMPLETE
4,0.01656831446898115,2026-06-03 19:58:10.793892,2026-06-03 20:04:41.189665,0 days 00:06:30.395773,16,0.17603724637039828,50,0.0005,1,COMPLETE
5,0.018705245193011838,2026-06-03 20:04:41.191664,2026-06-03 20:09:55.264314,0 days 00:05:14.072650,16,0.47409643603406104,20,0.001,1,COMPLETE
6,0.05435031615197659,2026-06-03 20:09:55.267316,2026-06-03 20:11:22.783590,0 days 00:01:27.516274,64,0.1758784579194238,20,0.0001,1,COMPLETE
7,0.02539809391601011,2026-06-03 20:11:22.784590,2026-06-03 20:12:51.311463,0 days 00:01:28.526873,64,0.28073476373245176,20,0.0005,1,COMPLETE
8,0.023962176016842324,2026-06-03 20:12:51.312460,2026-06-03 20:13:56.430391,0 days 00:01:05.117931,128,0.10703300956358835,35,0.001,1,COMPLETE
9,0.024685132117186745,2026-06-03 20:13:56.430391,2026-06-03 20:23:39.404297,0 days 00:09:42.973906,16,0.1837675958182942,20,0.0001,2,COMPLETE
10,0.022900064677620926,2026-06-03 20:23:39.404297,2026-06-03 20:26:20.381392,0 days 00:02:40.977095,128,0.25918105961063553,50,0.0005,2,COMPLETE
11,0.019781822472235516,2026-06-03 20:26:20.383407,2026-06-03 20:31:23.226582,0 days 00:05:02.843175,16,0.3649164704894454,35,0.0005,1,COMPLETE
12,0.0185124758550772,2026-06-03 20:31:23.227582,2026-06-03 20:36:58.019625,0 days 00:05:34.792043,16,0.351904637917667,50,0.001,1,COMPLETE
13,0.01826244075327697,2026-06-03 20:36:58.019625,2026-06-03 20:42:25.394585,0 days 00:05:27.374960,16,0.2224523736710325,35,0.0005,1,COMPLETE
14,0.02281714937925542,2026-06-03 20:42:25.395585,2026-06-03 20:53:57.661671,0 days 00:11:32.266086,16,0.3348610261143664,50,0.0001,2,COMPLETE
15,0.016794465323019883,2026-06-03 20:53:57.662673,2026-06-03 20:59:26.628625,0 days 00:05:28.965952,16,0.10590563571716866,35,0.001,1,COMPLETE
16,0.019902463671712188,2026-06-03 20:59:26.628625,2026-06-03 21:02:23.359839,0 days 00:02:56.731214,32,0.10040351006491169,35,0.0005,1,COMPLETE
17,0.0233676535775885,2026-06-03 21:02:23.360843,2026-06-03 21:04:23.864048,0 days 00:02:00.503205,64,0.15322559195409904,50,0.001,1,COMPLETE
18,0.0250206566726168,2026-06-03 21:04:23.864048,2026-06-03 21:06:53.761269,0 days 00:02:29.897221,128,0.22411271202888255,35,0.0005,2,COMPLETE
19,0.023426083819510245,2026-06-03 21:06:53.766269,2026-06-03 21:12:32.009183,0 days 00:05:38.242914,16,0.13910286032510952,50,0.0001,1,COMPLETE
20,0.018736902304960244,2026-06-03 21:12:32.009183,2026-06-03 21:18:11.929659,0 days 00:05:39.920476,16,0.2124135041294912,50,0.0005,1,COMPLETE
21,0.01766546197434175,2026-06-03 21:18:11.933653,2026-06-03 21:23:36.959355,0 days 00:05:25.025702,16,0.4141690643027197,35,0.001,1,COMPLETE
22,0.01683398649417365,2026-06-03 21:23:36.960356,2026-06-03 21:29:01.843538,0 days 00:05:24.883182,16,0.3020893291549303,35,0.001,1,COMPLETE
23,0.018621407430902702,2026-06-03 21:29:01.847536,2026-06-03 21:34:23.290005,0 days 00:05:21.442469,16,0.3041911737193694,35,0.001,1,COMPLETE
24,0.01624019245593613,2026-06-03 21:34:23.290005,2026-06-03 21:39:48.341652,0 days 00:05:25.051647,16,0.13395999573326978,35,0.001,1,COMPLETE
25,0.018789443519052526,2026-06-03 21:39:48.341652,2026-06-03 21:45:09.664329,0 days 00:05:21.322677,16,0.13515541164842212,35,0.001,1,COMPLETE
26,0.01518244350215561,2026-06-03 21:45:09.665329,2026-06-03 21:51:26.251006,0 days 00:06:16.585677,32,0.17402716171707083,35,0.001,2,COMPLETE
27,0.016140987755175085,2026-06-03 21:51:26.252006,2026-06-03 21:58:00.421204,0 days 00:06:34.169198,32,0.19203574501928,50,0.001,2,COMPLETE
28,0.01718508418426387,2026-06-03 21:58:00.422204,2026-06-03 22:04:12.662711,0 days 00:06:12.240507,32,0.24899373973006367,35,0.001,2,COMPLETE
29,0.015547784466977316,2026-06-03 22:04:12.663711,2026-06-03 22:10:44.154585,0 days 00:06:31.490874,32,0.2040564963217517,50,0.001,2,COMPLETE
30,0.014330421330822053,2026-06-03 22:10:44.155699,2026-06-03 22:17:13.178630,0 days 00:06:29.022931,32,0.1944372140012246,50,0.001,2,COMPLETE
31,0.016384726167194733,2026-06-03 22:17:13.179634,2026-06-03 22:23:39.081485,0 days 00:06:25.901851,32,0.19365114768010777,50,0.001,2,COMPLETE
32,0.01622069000556063,2026-06-03 22:23:39.082265,2026-06-03 22:30:09.802083,0 days 00:06:30.719818,32,0.24815379837115126,50,0.001,2,COMPLETE
33,0.01703632019749772,2026-06-03 22:30:09.803083,2026-06-03 22:36:36.382487,0 days 00:06:26.579404,32,0.20535032113426946,50,0.001,2,COMPLETE
34,0.01606994023460488,2026-06-03 22:36:36.382487,2026-06-03 22:43:02.851750,0 days 00:06:26.469263,32,0.17392904838651554,50,0.001,2,COMPLETE
35,0.014876520185840918,2026-06-03 22:43:02.851750,2026-06-03 22:49:31.436459,0 days 00:06:28.584709,32,0.1570367153933627,50,0.001,2,COMPLETE
36,0.015763033340888553,2026-06-03 22:49:31.436459,2026-06-03 22:55:56.771396,0 days 00:06:25.334937,32,0.15549927019107446,50,0.001,2,COMPLETE
37,0.016337960172921984,2026-06-03 22:55:56.772392,2026-06-03 23:02:24.328758,0 days 00:06:27.556366,32,0.23779863726473865,50,0.001,2,COMPLETE
38,0.016391032032997292,2026-06-03 23:02:24.333858,2026-06-03 23:08:58.095615,0 days 00:06:33.761757,32,0.27449304640904054,50,0.001,2,COMPLETE
39,0.026817143069063666,2026-06-03 23:08:58.096610,2026-06-03 23:14:34.704008,0 days 00:05:36.607398,32,0.16105703881654485,20,0.0001,2,COMPLETE
40,0.015236263312086338,2026-06-03 23:14:34.705105,2026-06-03 23:21:03.062497,0 days 00:06:28.357392,32,0.12316037326193838,50,0.001,2,COMPLETE
41,0.016529526878461365,2026-06-03 23:21:03.063497,2026-06-03 23:27:43.731457,0 days 00:06:40.667960,32,0.12371593827338229,50,0.001,2,COMPLETE
42,0.015837457207101984,2026-06-03 23:27:43.736541,2026-06-03 23:34:05.179064,0 days 00:06:21.442523,32,0.16694084311792073,50,0.001,2,COMPLETE
43,0.015427310458000968,2026-06-03 23:34:05.180060,2026-06-03 23:40:33.054521,0 days 00:06:27.874461,32,0.12023084895940189,50,0.001,2,COMPLETE
44,0.01425338103220712,2026-06-03 23:40:33.054521,2026-06-03 23:47:02.938389,0 days 00:06:29.883868,32,0.11822341783467087,50,0.001,2,COMPLETE
45,0.01702071333640576,2026-06-03 23:47:02.938925,2026-06-03 23:52:27.634996,0 days 00:05:24.696071,32,0.1443317505109456,20,0.001,2,COMPLETE
46,0.016873937367927284,2026-06-03 23:52:27.635988,2026-06-03 23:56:38.786047,0 days 00:04:11.150059,64,0.11249926936934666,50,0.001,2,COMPLETE
47,0.033999190138032036,2026-06-03 23:56:38.787047,2026-06-03 23:59:27.347822,0 days 00:02:48.560775,128,0.1764127407987822,50,0.0001,2,COMPLETE
48,0.0165782543681875,2026-06-03 23:59:27.348815,2026-06-04 00:04:53.129502,0 days 00:05:25.780687,32,0.1285037556715086,20,0.001,2,COMPLETE
49,0.014501962939887737,2026-06-04 00:04:53.130501,2026-06-04 00:11:20.827785,0 days 00:06:27.697284,32,0.15110051634370292,50,0.001,2,COMPLETE
50,0.017881230323109776,2026-06-04 00:11:20.828784,2026-06-04 00:15:32.031997,0 days 00:04:11.203213,64,0.15180420552869434,50,0.001,2,COMPLETE
51,0.01603762713992702,2026-06-04 00:15:32.033002,2026-06-04 00:21:59.523663,0 days 00:06:27.490661,32,0.18478755331547222,50,0.001,2,COMPLETE
52,0.017514142184322623,2026-06-04 00:21:59.524657,2026-06-04 00:28:27.322902,0 days 00:06:27.798245,32,0.11643002308926931,50,0.001,2,COMPLETE
53,0.017489702994504773,2026-06-04 00:28:27.323898,2026-06-04 00:34:51.794828,0 days 00:06:24.470930,32,0.10098306874294191,50,0.001,2,COMPLETE
54,0.015928538290181142,2026-06-04 00:34:51.794828,2026-06-04 00:41:19.645665,0 days 00:06:27.850837,32,0.14790153900071404,50,0.001,2,COMPLETE
55,0.034902099333703515,2026-06-04 00:41:19.646665,2026-06-04 00:44:08.312207,0 days 00:02:48.665542,128,0.16700816499122828,50,0.0001,2,COMPLETE
56,0.018631848230754502,2026-06-04 00:44:08.313208,2026-06-04 00:50:36.723769,0 days 00:06:28.410561,32,0.4046143854099044,50,0.0005,2,COMPLETE
57,0.020424572574835615,2026-06-04 00:50:36.724767,2026-06-04 00:56:03.532757,0 days 00:05:26.807990,32,0.484644996211948,20,0.001,2,COMPLETE
58,0.015200146963084195,2026-06-04 00:56:03.532757,2026-06-04 01:02:32.835805,0 days 00:06:29.303048,32,0.13635049888827272,50,0.001,2,COMPLETE
59,0.01676084188123544,2026-06-04 01:02:32.836805,2026-06-04 01:06:13.732818,0 days 00:03:40.896013,64,0.2306050877287203,35,0.001,2,COMPLETE
60,0.01588873686112401,2026-06-04 01:06:13.733817,2026-06-04 01:12:40.554910,0 days 00:06:26.821093,32,0.45095143979208213,50,0.001,2,COMPLETE
61,0.019281561604794897,2026-06-04 01:12:40.554910,2026-06-04 01:19:08.909609,0 days 00:06:28.354699,32,0.13761169191094905,50,0.001,2,COMPLETE
62,0.016189340858117622,2026-06-04 01:19:08.910611,2026-06-04 01:25:33.641663,0 days 00:06:24.731052,32,0.1290385747365088,50,0.001,2,COMPLETE
63,0.016084860680632668,2026-06-04 01:25:33.642663,2026-06-04 01:32:01.964815,0 days 00:06:28.322152,32,0.18987464218381372,50,0.001,2,COMPLETE
64,0.015736993940296668,2026-06-04 01:32:01.965814,2026-06-04 01:38:29.424796,0 days 00:06:27.458982,32,0.1584112884166409,50,0.001,2,COMPLETE
65,0.02396627174069484,2026-06-04 01:38:29.424796,2026-06-04 01:40:52.617106,0 days 00:02:23.192310,128,0.11813488075187727,35,0.0005,2,COMPLETE
66,0.017889012455423715,2026-06-04 01:40:52.618103,2026-06-04 01:47:19.563296,0 days 00:06:26.945193,32,0.21237321847231122,50,0.001,2,COMPLETE
67,0.015715529176625696,2026-06-04 01:47:19.564296,2026-06-04 01:53:43.525587,0 days 00:06:23.961291,32,0.14388600612265823,50,0.001,2,COMPLETE
68,0.025787849073149578,2026-06-04 01:53:43.526587,2026-06-04 01:59:52.876819,0 days 00:06:09.350232,32,0.1751823540258078,35,0.0001,2,COMPLETE
69,0.018709994847651477,2026-06-04 01:59:52.877820,2026-06-04 02:06:17.406207,0 days 00:06:24.528387,32,0.1998181646595663,50,0.001,2,COMPLETE
